<?xml version="1.0" encoding="UTF-8"?>
<!-- Generated by org.testng.reporters.JUnitReportReporter -->
<testsuite skipped="10" hostname="DESKTOP-I8BICNQ" name="TestSFDC.SFDC_Login" tests="11" failures="0" timestamp="2020-04-18T00:34:14 PDT" time="49.074" errors="0">
  <testcase name="C_CheckRemeberMe" time="49.074" classname="TestSFDC.SFDC_Login"/>
  <system-out/>
  <testcase name="B_LogintoSFDC" classname="TestSFDC.SFDC_Login">
    <skipped/>
  </testcase> <!-- B_LogintoSFDC -->
  <system-out/>
  <testcase name="B_LogintoSFDC" classname="TestSFDC.SFDC_Login">
    <skipped/>
  </testcase> <!-- B_LogintoSFDC -->
  <system-out/>
  <testcase name="D_ForgotPassword_4A" classname="TestSFDC.SFDC_Login">
    <skipped/>
  </testcase> <!-- D_ForgotPassword_4A -->
  <system-out/>
  <testcase name="E_Tc06" classname="TestSFDC.SFDC_Login">
    <skipped/>
  </testcase> <!-- E_Tc06 -->
  <system-out/>
  <testcase name="D_ForgotPassword_4A" classname="TestSFDC.SFDC_Login">
    <skipped/>
  </testcase> <!-- D_ForgotPassword_4A -->
  <system-out/>
  <testcase name="E_Tc06" classname="TestSFDC.SFDC_Login">
    <skipped/>
  </testcase> <!-- E_Tc06 -->
  <system-out/>
  <testcase name="D_ForgotPassword_4B" classname="TestSFDC.SFDC_Login">
    <skipped/>
  </testcase> <!-- D_ForgotPassword_4B -->
  <system-out/>
  <testcase name="A_LoginErrorMessage" classname="TestSFDC.SFDC_Login">
    <skipped/>
  </testcase> <!-- A_LoginErrorMessage -->
  <system-out/>
  <testcase name="D_ForgotPassword_4B" classname="TestSFDC.SFDC_Login">
    <skipped/>
  </testcase> <!-- D_ForgotPassword_4B -->
  <system-out/>
  <testcase name="A_LoginErrorMessage" classname="TestSFDC.SFDC_Login">
    <skipped/>
  </testcase> <!-- A_LoginErrorMessage -->
  <system-out/>
</testsuite> <!-- TestSFDC.SFDC_Login -->
