<?xml version="1.0" encoding="UTF-8"?>
<!-- Generated by org.testng.reporters.JUnitReportReporter -->
<testsuite skipped="0" hostname="DESKTOP-I8BICNQ" name="SFDC_Login" tests="2" failures="0" timestamp="2020-02-25T16:43:43 PST" time="65.355" errors="0">
  <testcase name="A_LoginErrorMessage" time="43.898" classname="SFDC_Login"/>
  <testcase name="D_ForgotPassword_4B" time="21.457" classname="SFDC_Login"/>
</testsuite> <!-- SFDC_Login -->
