<?xml version="1.0" encoding="UTF-8"?>
<!-- Generated by org.testng.reporters.JUnitReportReporter -->
<testsuite skipped="0" hostname="DESKTOP-I8BICNQ" name="SFDC_UserMenuDropDown" tests="1" failures="0" timestamp="2020-02-21T00:03:56 PST" time="80.824" errors="0">
  <testcase name="E_Tc06" time="80.824" classname="SFDC_UserMenuDropDown"/>
</testsuite> <!-- SFDC_UserMenuDropDown -->
