<?xml version="1.0" encoding="UTF-8"?>
<!-- Generated by org.testng.reporters.JUnitReportReporter -->
<testsuite skipped="0" hostname="DESKTOP-I8BICNQ" name="SFDCDemo1" tests="1" failures="0" timestamp="2020-02-20T00:54:21 PST" time="14.103" errors="0">
  <testcase name="LoginSFDC" time="14.103" classname="SFDCDemo1"/>
</testsuite> <!-- SFDCDemo1 -->
