<?xml version="1.0" encoding="UTF-8"?>
<!-- Generated by org.testng.reporters.JUnitReportReporter -->
<testsuite skipped="0" hostname="DESKTOP-I8BICNQ" name="SFDC_Login" tests="2" failures="0" timestamp="2020-02-25T22:57:02 PST" time="71.982" errors="0">
  <testcase name="A_LoginErrorMessage" time="25.315" classname="SFDC_Login"/>
  <system-out/>
  <testcase name="D_ForgotPassword_4B" time="46.667" classname="SFDC_Login"/>
  <system-out/>
</testsuite> <!-- SFDC_Login -->
